
=== Mon Sep  2 17:37:09 2019

Packages were changed.
Update Mode: updateDependencies

The following packages were added:
  com.unity.2d.tilemap@1.0.0
  com.unity.ext.nunit@1.0.0
  com.unity.test-framework@1.0.13
  com.unity.2d.sprite@1.0.0
  com.unity.ide.vscode@1.0.7
  com.unity.ide.visualstudio@1.0.11
  com.unity.ide.rider@1.0.8
  com.unity.ugui@1.0.0
  com.unity.modules.androidjni@1.0.0
The following packages were updated:
  com.unity.package-manager-ui from version 2.1.2 to 2.2.0
  com.unity.render-pipelines.core from version 5.13.0 to 6.7.1
  com.unity.render-pipelines.lightweight from version 5.13.0 to 6.7.1
  com.unity.timeline from version 1.0.0 to 1.1.0

=== Fri Oct  4 16:25:19 2019

Packages were changed.
Update Mode: updateDependencies

The following packages were updated:
  com.unity.ide.rider from version 1.0.8 to 1.1.0
  com.unity.ide.vscode from version 1.0.7 to 1.1.0
  com.unity.render-pipelines.core from version 6.7.1 to 6.9.0
  com.unity.render-pipelines.lightweight from version 6.7.1 to 6.9.0
